<?xml version="1.0" encoding="UTF-8"?>
<testsuite xmlns:xsi="http://www.w3.org/2001/XMLSchema-instance" xsi:noNamespaceSchemaLocation="https://maven.apache.org/surefire/maven-surefire-plugin/xsd/surefire-test-report.xsd" version="3.0.2" name="techfix.techfix.TechfixApplicationTests" time="3.767" tests="1" errors="0" skipped="0" failures="0">
  <properties>
[...]
</properties>
  <testcase name="contextLoads" classname="techfix.techfix.TechfixApplicationTests" time="0.867">
    <system-out><![CDATA[14:12:38.667 [main] INFO org.springframework.test.context.support.AnnotationConfigContextLoaderUtils -- Could not detect default configuration classes for test class [techfix.techfix.TechfixApplicationTests]: TechfixApplicationTests does not declare any static, non-private, non-final, nested classes annotated with @Configuration.
14:12:38.821 [main] INFO org.springframework.boot.test.context.SpringBootTestContextBootstrapper -- Found @SpringBootConfiguration techfix.techfix.TechfixApplication for test class techfix.techfix.TechfixApplicationTests
14:12:39.059 [main] INFO org.springframework.boot.devtools.restart.RestartApplicationListener -- Restart disabled due to context in which it is running

  .   ____          _            __ _ _
 /\\ / ___'_ __ _ _(_)_ __  __ _ \ \ \ \
( ( )\___ | '_ | '_| | '_ \/ _` | \ \ \ \
 \\/  ___)| |_)| | | | | || (_| |  ) ) ) )
  '  |____| .__|_| |_|_| |_\__, | / / / /
 =========|_|==============|___/=/_/_/_/

 :: Spring Boot ::       (v4.0.0-SNAPSHOT)

2025-11-19T14:12:39.456-03:00  INFO 7496 --- [techfix] [           main] t.techfix.TechfixApplicationTests        : Starting TechfixApplicationTests using Java 17.0.12 with PID 7496 (started by rosai in C:\Users\rosai\OneDrive\Desktop\techfix\techfix)
2025-11-19T14:12:39.459-03:00  INFO 7496 --- [techfix] [           main] t.techfix.TechfixApplicationTests        : No active profile set, falling back to 1 default profile: "default"
2025-11-19T14:12:40.694-03:00  INFO 7496 --- [techfix] [           main] o.s.b.w.a.WelcomePageHandlerMapping      : Adding welcome page: class path resource [static/index.html]
2025-11-19T14:12:41.292-03:00  INFO 7496 --- [techfix] [           main] t.techfix.TechfixApplicationTests        : Started TechfixApplicationTests in 2.25 seconds (process running for 3.817)
]]></system-out>
  </testcase>
</testsuite>